{"/Users/xmly/project/uploader/src/uploader.ts": {"path":"/Users/xmly/project/uploader/src/uploader.ts","statementMap":{"0":{"start":{"line":1,"column":0},"end":{"line":1,"column":37}},"1":{"start":{"line":4,"column":16},"end":{"line":4,"column":17}},"2":{"start":{"line":12,"column":0},"end":{"line":12,"column":21}},"3":{"start":{"line":21,"column":2},"end":{"line":21,"column":null}},"4":{"start":{"line":23,"column":6},"end":{"line":23,"column":14}},"5":{"start":{"line":24,"column":6},"end":{"line":24,"column":21}},"6":{"start":{"line":25,"column":6},"end":{"line":25,"column":23}},"7":{"start":{"line":26,"column":6},"end":{"line":26,"column":17}},"8":{"start":{"line":27,"column":6},"end":{"line":27,"column":12}},"9":{"start":{"line":28,"column":6},"end":{"line":28,"column":19}},"10":{"start":{"line":43,"column":9},"end":{"line":43,"column":36}},"11":{"start":{"line":44,"column":9},"end":{"line":44,"column":46}},"12":{"start":{"line":45,"column":9},"end":{"line":45,"column":42}},"13":{"start":{"line":46,"column":9},"end":{"line":46,"column":41}},"14":{"start":{"line":47,"column":9},"end":{"line":47,"column":44}},"15":{"start":{"line":49,"column":9},"end":{"line":53,"column":null}},"16":{"start":{"line":50,"column":4},"end":{"line":52,"column":null}},"17":{"start":{"line":50,"column":17},"end":{"line":50,"column":18}},"18":{"start":{"line":51,"column":6},"end":{"line":51,"column":19}},"19":{"start":{"line":55,"column":9},"end":{"line":58,"column":null}},"20":{"start":{"line":56,"column":12},"end":{"line":56,"column":24}},"21":{"start":{"line":57,"column":4},"end":{"line":57,"column":35}},"22":{"start":{"line":59,"column":9},"end":{"line":64,"column":null}},"23":{"start":{"line":60,"column":4},"end":{"line":60,"column":70}},"24":{"start":{"line":62,"column":12},"end":{"line":62,"column":23}},"25":{"start":{"line":63,"column":4},"end":{"line":63,"column":33}},"26":{"start":{"line":65,"column":9},"end":{"line":82,"column":null}},"27":{"start":{"line":66,"column":12},"end":{"line":66,"column":25}},"28":{"start":{"line":67,"column":4},"end":{"line":67,"column":37}},"29":{"start":{"line":69,"column":4},"end":{"line":69,"column":65}},"30":{"start":{"line":72,"column":4},"end":{"line":74,"column":null}},"31":{"start":{"line":73,"column":6},"end":{"line":73,"column":19}},"32":{"start":{"line":77,"column":4},"end":{"line":80,"column":null}},"33":{"start":{"line":78,"column":14},"end":{"line":78,"column":28}},"34":{"start":{"line":79,"column":6},"end":{"line":79,"column":41}},"35":{"start":{"line":83,"column":9},"end":{"line":89,"column":null}},"36":{"start":{"line":84,"column":17},"end":{"line":84,"column":44}},"37":{"start":{"line":85,"column":4},"end":{"line":85,"column":45}},"38":{"start":{"line":87,"column":12},"end":{"line":87,"column":23}},"39":{"start":{"line":88,"column":4},"end":{"line":88,"column":33}},"40":{"start":{"line":90,"column":9},"end":{"line":93,"column":null}},"41":{"start":{"line":91,"column":12},"end":{"line":91,"column":23}},"42":{"start":{"line":92,"column":4},"end":{"line":92,"column":33}},"43":{"start":{"line":31,"column":4},"end":{"line":33,"column":null}},"44":{"start":{"line":32,"column":6},"end":{"line":32,"column":null}},"45":{"start":{"line":34,"column":4},"end":{"line":36,"column":null}},"46":{"start":{"line":35,"column":6},"end":{"line":35,"column":37}},"47":{"start":{"line":39,"column":4},"end":{"line":39,"column":79}},"48":{"start":{"line":96,"column":9},"end":{"line":115,"column":null}},"49":{"start":{"line":97,"column":10},"end":{"line":97,"column":12}},"50":{"start":{"line":97,"column":12},"end":{"line":97,"column":15}},"51":{"start":{"line":97,"column":17},"end":{"line":97,"column":40}},"52":{"start":{"line":98,"column":17},"end":{"line":98,"column":43}},"53":{"start":{"line":99,"column":4},"end":{"line":101,"column":null}},"54":{"start":{"line":100,"column":6},"end":{"line":100,"column":87}},"55":{"start":{"line":103,"column":4},"end":{"line":114,"column":7}},"56":{"start":{"line":13,"column":9},"end":{"line":18,"column":null}},"57":{"start":{"line":13,"column":24},"end":{"line":13,"column":38}},"58":{"start":{"line":14,"column":4},"end":{"line":16,"column":null}},"59":{"start":{"line":15,"column":6},"end":{"line":15,"column":50}},"60":{"start":{"line":17,"column":4},"end":{"line":17,"column":45}},"61":{"start":{"line":116,"column":0},"end":{"line":116,"column":null}},"62":{"start":{"line":12,"column":21},"end":{"line":12,"column":null}},"63":{"start":{"line":120,"column":2},"end":{"line":120,"column":5}},"64":{"start":{"line":121,"column":2},"end":{"line":121,"column":6}},"65":{"start":{"line":122,"column":2},"end":{"line":122,"column":8}},"66":{"start":{"line":123,"column":2},"end":{"line":123,"column":10}},"67":{"start":{"line":124,"column":2},"end":{"line":124,"column":14}},"68":{"start":{"line":125,"column":2},"end":{"line":125,"column":13}},"69":{"start":{"line":126,"column":2},"end":{"line":126,"column":15}},"70":{"start":{"line":127,"column":2},"end":{"line":127,"column":13}},"71":{"start":{"line":128,"column":2},"end":{"line":128,"column":13}},"72":{"start":{"line":129,"column":2},"end":{"line":129,"column":16}},"73":{"start":{"line":132,"column":2},"end":{"line":132,"column":33}},"74":{"start":{"line":134,"column":2},"end":{"line":134,"column":81}},"75":{"start":{"line":137,"column":2},"end":{"line":137,"column":31}},"76":{"start":{"line":145,"column":2},"end":{"line":145,"column":50}}},"fnMap":{"0":{"name":"(anonymous_3)","decl":{"start":{"line":12,"column":0},"end":{"line":12,"column":21}},"loc":{"start":{"line":12,"column":0},"end":{"line":12,"column":21}}},"1":{"name":"Uploader","decl":{"start":{"line":21,"column":2},"end":{"line":21,"column":null}},"loc":{"start":{"line":29,"column":20},"end":{"line":40,"column":3}}},"2":{"name":"(anonymous_5)","decl":{"start":{"line":49,"column":21},"end":{"line":49,"column":22}},"loc":{"start":{"line":49,"column":35},"end":{"line":53,"column":3}}},"3":{"name":"(anonymous_6)","decl":{"start":{"line":55,"column":30},"end":{"line":55,"column":null}},"loc":{"start":{"line":55,"column":30},"end":{"line":58,"column":3}}},"4":{"name":"(anonymous_7)","decl":{"start":{"line":59,"column":29},"end":{"line":59,"column":null}},"loc":{"start":{"line":59,"column":29},"end":{"line":64,"column":3}}},"5":{"name":"(anonymous_8)","decl":{"start":{"line":65,"column":31},"end":{"line":65,"column":null}},"loc":{"start":{"line":65,"column":31},"end":{"line":82,"column":3}}},"6":{"name":"(anonymous_9)","decl":{"start":{"line":83,"column":29},"end":{"line":83,"column":null}},"loc":{"start":{"line":83,"column":29},"end":{"line":89,"column":3}}},"7":{"name":"(anonymous_10)","decl":{"start":{"line":90,"column":29},"end":{"line":90,"column":null}},"loc":{"start":{"line":90,"column":29},"end":{"line":93,"column":3}}},"8":{"name":"(anonymous_11)","decl":{"start":{"line":96,"column":2},"end":{"line":96,"column":9}},"loc":{"start":{"line":96,"column":2},"end":{"line":115,"column":3}}},"9":{"name":"(anonymous_12)","decl":{"start":{"line":13,"column":21},"end":{"line":13,"column":22}},"loc":{"start":{"line":13,"column":51},"end":{"line":18,"column":3}}},"10":{"name":"uploadRequest","decl":{"start":{"line":119,"column":9},"end":{"line":119,"column":22}},"loc":{"start":{"line":130,"column":15},"end":{"line":138,"column":1}}},"11":{"name":"getFileName","decl":{"start":{"line":144,"column":9},"end":{"line":144,"column":20}},"loc":{"start":{"line":144,"column":30},"end":{"line":146,"column":1}}}},"branchMap":{"0":{"loc":{"start":{"line":23,"column":6},"end":{"line":23,"column":14}},"type":"cond-expr","locations":[{"start":{"line":23,"column":6},"end":{"line":23,"column":14}},{"start":{"line":23,"column":6},"end":{"line":23,"column":14}}]},"1":{"loc":{"start":{"line":24,"column":6},"end":{"line":24,"column":21}},"type":"cond-expr","locations":[{"start":{"line":24,"column":6},"end":{"line":24,"column":21}},{"start":{"line":24,"column":6},"end":{"line":24,"column":21}}]},"2":{"loc":{"start":{"line":25,"column":6},"end":{"line":25,"column":23}},"type":"cond-expr","locations":[{"start":{"line":25,"column":6},"end":{"line":25,"column":23}},{"start":{"line":25,"column":6},"end":{"line":25,"column":23}}]},"3":{"loc":{"start":{"line":26,"column":6},"end":{"line":26,"column":17}},"type":"cond-expr","locations":[{"start":{"line":26,"column":6},"end":{"line":26,"column":17}},{"start":{"line":26,"column":6},"end":{"line":26,"column":17}}]},"4":{"loc":{"start":{"line":57,"column":4},"end":{"line":57,"column":16}},"type":"binary-expr","locations":[{"start":{"line":57,"column":4},"end":{"line":57,"column":16}},{"start":{"line":57,"column":20},"end":{"line":57,"column":34}}]},"5":{"loc":{"start":{"line":63,"column":4},"end":{"line":63,"column":15}},"type":"binary-expr","locations":[{"start":{"line":63,"column":4},"end":{"line":63,"column":15}},{"start":{"line":63,"column":19},"end":{"line":63,"column":32}}]},"6":{"loc":{"start":{"line":67,"column":4},"end":{"line":67,"column":17}},"type":"binary-expr","locations":[{"start":{"line":67,"column":4},"end":{"line":67,"column":17}},{"start":{"line":67,"column":21},"end":{"line":67,"column":36}}]},"7":{"loc":{"start":{"line":72,"column":4},"end":{"line":74,"column":null}},"type":"if","locations":[{"start":{"line":72,"column":4},"end":{"line":74,"column":null}},{"start":{"line":72,"column":4},"end":{"line":74,"column":null}}]},"8":{"loc":{"start":{"line":77,"column":4},"end":{"line":80,"column":null}},"type":"if","locations":[{"start":{"line":77,"column":4},"end":{"line":80,"column":null}},{"start":{"line":77,"column":4},"end":{"line":80,"column":null}}]},"9":{"loc":{"start":{"line":77,"column":8},"end":{"line":77,"column":39}},"type":"binary-expr","locations":[{"start":{"line":77,"column":8},"end":{"line":77,"column":39}},{"start":{"line":77,"column":43},"end":{"line":77,"column":70}}]},"10":{"loc":{"start":{"line":79,"column":6},"end":{"line":79,"column":20}},"type":"binary-expr","locations":[{"start":{"line":79,"column":6},"end":{"line":79,"column":20}},{"start":{"line":79,"column":24},"end":{"line":79,"column":40}}]},"11":{"loc":{"start":{"line":88,"column":4},"end":{"line":88,"column":15}},"type":"binary-expr","locations":[{"start":{"line":88,"column":4},"end":{"line":88,"column":15}},{"start":{"line":88,"column":19},"end":{"line":88,"column":32}}]},"12":{"loc":{"start":{"line":92,"column":4},"end":{"line":92,"column":15}},"type":"binary-expr","locations":[{"start":{"line":92,"column":4},"end":{"line":92,"column":15}},{"start":{"line":92,"column":19},"end":{"line":92,"column":32}}]},"13":{"loc":{"start":{"line":31,"column":4},"end":{"line":33,"column":null}},"type":"if","locations":[{"start":{"line":31,"column":4},"end":{"line":33,"column":null}},{"start":{"line":31,"column":4},"end":{"line":33,"column":null}}]},"14":{"loc":{"start":{"line":34,"column":4},"end":{"line":36,"column":null}},"type":"if","locations":[{"start":{"line":34,"column":4},"end":{"line":36,"column":null}},{"start":{"line":34,"column":4},"end":{"line":36,"column":null}}]},"15":{"loc":{"start":{"line":99,"column":4},"end":{"line":101,"column":null}},"type":"if","locations":[{"start":{"line":99,"column":4},"end":{"line":101,"column":null}},{"start":{"line":99,"column":4},"end":{"line":101,"column":null}}]},"16":{"loc":{"start":{"line":14,"column":4},"end":{"line":16,"column":null}},"type":"if","locations":[{"start":{"line":14,"column":4},"end":{"line":16,"column":null}},{"start":{"line":14,"column":4},"end":{"line":16,"column":null}}]},"17":{"loc":{"start":{"line":132,"column":2},"end":{"line":132,"column":14}},"type":"binary-expr","locations":[{"start":{"line":132,"column":2},"end":{"line":132,"column":14}},{"start":{"line":132,"column":18},"end":{"line":132,"column":32}}]},"18":{"loc":{"start":{"line":137,"column":2},"end":{"line":137,"column":13}},"type":"binary-expr","locations":[{"start":{"line":137,"column":2},"end":{"line":137,"column":13}},{"start":{"line":137,"column":17},"end":{"line":137,"column":30}}]}},"s":{"0":0,"1":0,"2":0,"3":0,"4":0,"5":0,"6":0,"7":0,"8":0,"9":0,"10":0,"11":0,"12":0,"13":0,"14":0,"15":0,"16":0,"17":0,"18":0,"19":0,"20":0,"21":0,"22":0,"23":0,"24":0,"25":0,"26":0,"27":0,"28":0,"29":0,"30":0,"31":0,"32":0,"33":0,"34":0,"35":0,"36":0,"37":0,"38":0,"39":0,"40":0,"41":0,"42":0,"43":0,"44":0,"45":0,"46":0,"47":0,"48":0,"49":0,"50":0,"51":0,"52":0,"53":0,"54":0,"55":0,"56":0,"57":0,"58":0,"59":0,"60":0,"61":0,"62":0,"63":0,"64":0,"65":0,"66":0,"67":0,"68":0,"69":0,"70":0,"71":0,"72":0,"73":0,"74":0,"75":0,"76":0},"f":{"0":0,"1":0,"2":0,"3":0,"4":0,"5":0,"6":0,"7":0,"8":0,"9":0,"10":0,"11":0},"b":{"0":[0,0],"1":[0,0],"2":[0,0],"3":[0,0],"4":[0,0],"5":[0,0],"6":[0,0],"7":[0,0],"8":[0,0],"9":[0,0],"10":[0,0],"11":[0,0],"12":[0,0],"13":[0,0],"14":[0,0],"15":[0,0],"16":[0,0],"17":[0,0],"18":[0,0]}}
,"/Users/xmly/project/uploader/src/utils.ts": {"path":"/Users/xmly/project/uploader/src/utils.ts","statementMap":{"0":{"start":{"line":6,"column":2},"end":{"line":6,"column":42}},"1":{"start":{"line":5,"column":0},"end":{"line":5,"column":16}}},"fnMap":{"0":{"name":"throwError","decl":{"start":{"line":5,"column":16},"end":{"line":5,"column":26}},"loc":{"start":{"line":5,"column":38},"end":{"line":7,"column":1}}}},"branchMap":{},"s":{"0":1,"1":1},"f":{"0":1},"b":{}}
,"/Users/xmly/project/uploader/src/webuploader.ts": {"path":"/Users/xmly/project/uploader/src/webuploader.ts","statementMap":{"0":{"start":{"line":1,"column":0},"end":{"line":1,"column":53}},"1":{"start":{"line":2,"column":0},"end":{"line":2,"column":37}},"2":{"start":{"line":7,"column":0},"end":{"line":7,"column":null}},"3":{"start":{"line":7,"column":41},"end":{"line":7,"column":49}},"4":{"start":{"line":10,"column":16},"end":{"line":10,"column":19}},"5":{"start":{"line":10,"column":21},"end":{"line":10,"column":37}},"6":{"start":{"line":10,"column":39},"end":{"line":10,"column":55}},"7":{"start":{"line":10,"column":57},"end":{"line":10,"column":71}},"8":{"start":{"line":11,"column":4},"end":{"line":11,"column":null}},"9":{"start":{"line":38,"column":9},"end":{"line":46,"column":4}},"10":{"start":{"line":39,"column":31},"end":{"line":39,"column":66}},"11":{"start":{"line":40,"column":4},"end":{"line":40,"column":48}},"12":{"start":{"line":41,"column":4},"end":{"line":41,"column":68}},"13":{"start":{"line":43,"column":4},"end":{"line":45,"column":null}},"14":{"start":{"line":44,"column":6},"end":{"line":44,"column":null}},"15":{"start":{"line":13,"column":4},"end":{"line":16,"column":null}},"16":{"start":{"line":14,"column":6},"end":{"line":14,"column":36}},"17":{"start":{"line":18,"column":4},"end":{"line":20,"column":null}},"18":{"start":{"line":19,"column":6},"end":{"line":19,"column":39}},"19":{"start":{"line":22,"column":4},"end":{"line":24,"column":null}},"20":{"start":{"line":23,"column":6},"end":{"line":23,"column":56}},"21":{"start":{"line":26,"column":4},"end":{"line":26,"column":19}},"22":{"start":{"line":27,"column":4},"end":{"line":27,"column":28}},"23":{"start":{"line":28,"column":4},"end":{"line":28,"column":43}},"24":{"start":{"line":31,"column":9},"end":{"line":36,"column":null}},"25":{"start":{"line":32,"column":5},"end":{"line":35,"column":6}},"26":{"start":{"line":47,"column":0},"end":{"line":47,"column":null}}},"fnMap":{"0":{"name":"(anonymous_9)","decl":{"start":{"line":7,"column":0},"end":{"line":7,"column":41}},"loc":{"start":{"line":7,"column":0},"end":{"line":47,"column":null}}},"1":{"name":"Webuploader","decl":{"start":{"line":10,"column":2},"end":{"line":10,"column":14}},"loc":{"start":{"line":10,"column":93},"end":{"line":29,"column":3}}},"2":{"name":"(anonymous_11)","decl":{"start":{"line":38,"column":29},"end":{"line":38,"column":30}},"loc":{"start":{"line":38,"column":38},"end":{"line":46,"column":3}}},"3":{"name":"(anonymous_12)","decl":{"start":{"line":31,"column":2},"end":{"line":31,"column":9}},"loc":{"start":{"line":31,"column":2},"end":{"line":36,"column":3}}}},"branchMap":{"0":{"loc":{"start":{"line":10,"column":21},"end":{"line":10,"column":37}},"type":"cond-expr","locations":[{"start":{"line":10,"column":21},"end":{"line":10,"column":37}},{"start":{"line":10,"column":21},"end":{"line":10,"column":37}}]},"1":{"loc":{"start":{"line":10,"column":39},"end":{"line":10,"column":55}},"type":"cond-expr","locations":[{"start":{"line":10,"column":39},"end":{"line":10,"column":55}},{"start":{"line":10,"column":39},"end":{"line":10,"column":55}}]},"2":{"loc":{"start":{"line":11,"column":4},"end":{"line":11,"column":22}},"type":"binary-expr","locations":[{"start":{"line":11,"column":4},"end":{"line":11,"column":22}},{"start":{"line":11,"column":22},"end":{"line":11,"column":null}}]},"3":{"loc":{"start":{"line":43,"column":4},"end":{"line":45,"column":null}},"type":"if","locations":[{"start":{"line":43,"column":4},"end":{"line":45,"column":null}},{"start":{"line":43,"column":4},"end":{"line":45,"column":null}}]},"4":{"loc":{"start":{"line":13,"column":4},"end":{"line":16,"column":null}},"type":"if","locations":[{"start":{"line":13,"column":4},"end":{"line":16,"column":null}},{"start":{"line":13,"column":4},"end":{"line":16,"column":null}}]},"5":{"loc":{"start":{"line":18,"column":4},"end":{"line":20,"column":null}},"type":"if","locations":[{"start":{"line":18,"column":4},"end":{"line":20,"column":null}},{"start":{"line":18,"column":4},"end":{"line":20,"column":null}}]},"6":{"loc":{"start":{"line":22,"column":4},"end":{"line":24,"column":null}},"type":"if","locations":[{"start":{"line":22,"column":4},"end":{"line":24,"column":null}},{"start":{"line":22,"column":4},"end":{"line":24,"column":null}}]},"7":{"loc":{"start":{"line":22,"column":8},"end":{"line":22,"column":29}},"type":"binary-expr","locations":[{"start":{"line":22,"column":8},"end":{"line":22,"column":29}},{"start":{"line":22,"column":33},"end":{"line":22,"column":46}}]}},"s":{"0":0,"1":0,"2":0,"3":0,"4":0,"5":0,"6":0,"7":0,"8":0,"9":0,"10":0,"11":0,"12":0,"13":0,"14":0,"15":0,"16":0,"17":0,"18":0,"19":0,"20":0,"21":0,"22":0,"23":0,"24":0,"25":0,"26":0},"f":{"0":0,"1":0,"2":0,"3":0},"b":{"0":[0,0],"1":[0,0],"2":[0,0],"3":[0,0],"4":[0,0],"5":[0,0],"6":[0,0],"7":[0,0]}}
,"/Users/xmly/project/uploader/src/adapters/axiosAdapter.ts": {"path":"/Users/xmly/project/uploader/src/adapters/axiosAdapter.ts","statementMap":{"0":{"start":{"line":2,"column":0},"end":{"line":2,"column":26}},"1":{"start":{"line":5,"column":21},"end":{"line":27,"column":1}},"2":{"start":{"line":5,"column":24},"end":{"line":5,"column":27}},"3":{"start":{"line":5,"column":29},"end":{"line":5,"column":35}},"4":{"start":{"line":5,"column":37},"end":{"line":5,"column":41}},"5":{"start":{"line":5,"column":43},"end":{"line":5,"column":56}},"6":{"start":{"line":5,"column":58},"end":{"line":5,"column":69}},"7":{"start":{"line":5,"column":71},"end":{"line":5,"column":82}},"8":{"start":{"line":6,"column":19},"end":{"line":6,"column":33}},"9":{"start":{"line":7,"column":2},"end":{"line":7,"column":36}},"10":{"start":{"line":9,"column":2},"end":{"line":25,"column":5}},"11":{"start":{"line":17,"column":4},"end":{"line":17,"column":40}},"12":{"start":{"line":18,"column":4},"end":{"line":18,"column":33}},"13":{"start":{"line":22,"column":4},"end":{"line":22,"column":42}},"14":{"start":{"line":23,"column":4},"end":{"line":23,"column":36}},"15":{"start":{"line":24,"column":4},"end":{"line":24,"column":33}},"16":{"start":{"line":29,"column":0},"end":{"line":29,"column":28}}},"fnMap":{"0":{"name":"(anonymous_0)","decl":{"start":{"line":5,"column":21},"end":{"line":5,"column":22}},"loc":{"start":{"line":5,"column":106},"end":{"line":27,"column":1}}},"1":{"name":"(anonymous_1)","decl":{"start":{"line":15,"column":10},"end":{"line":15,"column":13}},"loc":{"start":{"line":15,"column":13},"end":{"line":20,"column":3}}},"2":{"name":"(anonymous_2)","decl":{"start":{"line":20,"column":11},"end":{"line":20,"column":14}},"loc":{"start":{"line":20,"column":14},"end":{"line":25,"column":3}}}},"branchMap":{"0":{"loc":{"start":{"line":17,"column":4},"end":{"line":17,"column":17}},"type":"binary-expr","locations":[{"start":{"line":17,"column":4},"end":{"line":17,"column":17}},{"start":{"line":17,"column":21},"end":{"line":17,"column":39}}]},"1":{"loc":{"start":{"line":18,"column":4},"end":{"line":18,"column":15}},"type":"binary-expr","locations":[{"start":{"line":18,"column":4},"end":{"line":18,"column":15}},{"start":{"line":18,"column":19},"end":{"line":18,"column":32}}]},"2":{"loc":{"start":{"line":23,"column":4},"end":{"line":23,"column":15}},"type":"binary-expr","locations":[{"start":{"line":23,"column":4},"end":{"line":23,"column":15}},{"start":{"line":23,"column":19},"end":{"line":23,"column":35}}]},"3":{"loc":{"start":{"line":24,"column":4},"end":{"line":24,"column":15}},"type":"binary-expr","locations":[{"start":{"line":24,"column":4},"end":{"line":24,"column":15}},{"start":{"line":24,"column":19},"end":{"line":24,"column":32}}]}},"s":{"0":0,"1":0,"2":0,"3":0,"4":0,"5":0,"6":0,"7":0,"8":0,"9":0,"10":0,"11":0,"12":0,"13":0,"14":0,"15":0,"16":0},"f":{"0":0,"1":0,"2":0},"b":{"0":[0,0],"1":[0,0],"2":[0,0],"3":[0,0]}}
}
